Arguments: 
  /usr/share/node-v18.12.1-linux-x64/bin/node /home/andysierra/.node/corepack/yarn/1.22.15/bin/yarn.js create vite@latest

PATH: 
  /usr/local/sbin:/usr/local/bin:/usr/sbin:/usr/bin:/sbin:/bin:/usr/games:/usr/local/games:/usr/lib/wsl/lib:/mnt/c/Program Files/WindowsApps/Microsoft.WindowsTerminal_1.15.2875.0_x64__8wekyb3d8bbwe:/mnt/c/WINDOWS/system32:/mnt/c/WINDOWS:/mnt/c/WINDOWS/System32/Wbem:/mnt/c/WINDOWS/System32/WindowsPowerShell/v1.0/:/mnt/c/WINDOWS/System32/OpenSSH/:/mnt/c/Program Files/Java/jdk-18.0.2.1/bin:/mnt/c/Program Files/Git/cmd:/mnt/c/Program Files/nodejs/:/mnt/c/Program Files/Sublime Text:/mnt/c/Users/camil/AppData/Local/Microsoft/WindowsApps:/mnt/c/Users/camil/AppData/Roaming/npm:/mnt/c/Users/camil/AppData/Local/Programs/Microsoft VS Code/bin:/snap/bin

Yarn version: 
  1.22.15

Node version: 
  18.12.1

Platform: 
  linux x64

Trace: 
  Error: getaddrinfo EAI_AGAIN registry.yarnpkg.com
      at GetAddrInfoReqWrap.onlookup [as oncomplete] (node:dns:107:26)

npm manifest: 
  {
    "dependencies": {
      "create-vite": "^3.2.0"
    }
  }

yarn manifest: 
  No manifest

Lockfile: 
  # THIS IS AN AUTOGENERATED FILE. DO NOT EDIT THIS FILE DIRECTLY.
  # yarn lockfile v1
  
  
  create-vite@^3.2.0:
    version "3.2.0"
    resolved "https://registry.yarnpkg.com/create-vite/-/create-vite-3.2.0.tgz#d0ea3951ae3b8f65f3c512135dbc96bfa636be4c"
    integrity sha512-hOjpR2J5WkVI7wCoVJn0+2M7z7Rblix4QPpoV2chxSpOlDy0Urc+XumhR+ImNvXcfjW2yU776xWDnJjOFnYqeQ==
